<?xml version="1.0" encoding="UTF-8"?>
<beans xmlns="http://www.springframework.org/schema/beans"
	xmlns:xsi="http://www.w3.org/2001/XMLSchema-instance" xmlns:mvc="http://www.springframework.org/schema/mvc"
	xmlns:context="http://www.springframework.org/schema/context" xmlns:tx="http://www.springframework.org/schema/tx"
	xsi:schemaLocation="http://www.springframework.org/schema/beans http://www.springframework.org/schema/beans/spring-beans-3.0.xsd
		http://www.springframework.org/schema/mvc http://www.springframework.org/schema/mvc/spring-mvc-3.0.xsd	
		http://www.springframework.org/schema/context http://www.springframework.org/schema/context/spring-context-3.0.xsd
		http://www.springframework.org/schema/tx http://www.springframework.org/schema/tx/spring-tx.xsd"
	default-autowire="byName">

	<context:component-scan base-package="com.schlimm.decorator.chained"
		scoped-proxy="targetClass">
		<context:include-filter type="annotation"
			expression="javax.decorator.Decorator" />
	</context:component-scan>

	<bean class="com.schlimm.decorator.SimpleDecoratorSelectionStrategy" />
	<bean class="com.schlimm.decorator.DelegateAwareBeanPostProcessor" />
	<bean class="com.schlimm.decorator.DecoratorAwareBeanFactoryPostProcessor">
		<property name="selectionStrategy">
			<bean class="com.schlimm.decorator.SimplePrimaryDecoratorSelectionStrategy" />
		</property>
	</bean>

	<bean class="org.springframework.beans.factory.config.CustomScopeConfigurer">
		<property name="scopes">
			<map>
				<entry key="session">
					<bean class="com.schlimm.decorator.simple.SetupSession" />
				</entry>
			</map>
		</property>
	</bean>

</beans>
